{"C:\\Users\\VS056645\\Desktop\\ReactGit\\Example\\test\\server.test.js":{"path":"C:\\Users\\VS056645\\Desktop\\ReactGit\\Example\\test\\server.test.js","s":{"1":1,"2":1,"3":1,"4":1,"5":1,"6":1,"7":1,"8":1,"9":1,"10":1,"11":1,"12":1,"13":1,"14":0,"15":0,"16":0,"17":0,"18":0,"19":0,"20":0,"21":0,"22":0,"23":0,"24":0,"25":0,"26":0},"b":{"1":[0,0]},"f":{"1":0,"2":0,"3":0,"4":0,"5":0,"6":0},"fnMap":{"1":{"name":"(anonymous_1)","line":19,"loc":{"start":{"line":19,"column":15},"end":{"line":19,"column":27}}},"2":{"name":"(anonymous_2)","line":23,"loc":{"start":{"line":23,"column":50},"end":{"line":23,"column":66}}},"3":{"name":"(anonymous_3)","line":29,"loc":{"start":{"line":29,"column":41},"end":{"line":29,"column":53}}},"4":{"name":"(anonymous_4)","line":32,"loc":{"start":{"line":32,"column":15},"end":{"line":32,"column":31}}},"5":{"name":"(anonymous_5)","line":37,"loc":{"start":{"line":37,"column":17},"end":{"line":37,"column":32}}},"6":{"name":"(anonymous_6)","line":44,"loc":{"start":{"line":44,"column":39},"end":{"line":44,"column":55}}}},"statementMap":{"1":{"start":{"line":1,"column":0},"end":{"line":1,"column":42}},"2":{"start":{"line":2,"column":0},"end":{"line":2,"column":43}},"3":{"start":{"line":3,"column":0},"end":{"line":3,"column":27}},"4":{"start":{"line":4,"column":0},"end":{"line":4,"column":27}},"5":{"start":{"line":5,"column":0},"end":{"line":5,"column":31}},"6":{"start":{"line":6,"column":0},"end":{"line":6,"column":35}},"7":{"start":{"line":8,"column":0},"end":{"line":8,"column":33}},"8":{"start":{"line":9,"column":0},"end":{"line":9,"column":64}},"9":{"start":{"line":12,"column":0},"end":{"line":12,"column":23}},"10":{"start":{"line":13,"column":0},"end":{"line":13,"column":11}},"11":{"start":{"line":15,"column":0},"end":{"line":15,"column":40}},"12":{"start":{"line":18,"column":0},"end":{"line":18,"column":41}},"13":{"start":{"line":19,"column":4},"end":{"line":21,"column":6}},"14":{"start":{"line":20,"column":8},"end":{"line":20,"column":35}},"15":{"start":{"line":23,"column":4},"end":{"line":27,"column":7}},"16":{"start":{"line":24,"column":8},"end":{"line":26,"column":22}},"17":{"start":{"line":29,"column":0},"end":{"line":50,"column":3}},"18":{"start":{"line":30,"column":4},"end":{"line":30,"column":29}},"19":{"start":{"line":32,"column":4},"end":{"line":42,"column":7}},"20":{"start":{"line":33,"column":8},"end":{"line":41,"column":15}},"21":{"start":{"line":38,"column":16},"end":{"line":38,"column":42}},"22":{"start":{"line":38,"column":25},"end":{"line":38,"column":42}},"23":{"start":{"line":39,"column":16},"end":{"line":39,"column":51}},"24":{"start":{"line":40,"column":16},"end":{"line":40,"column":30}},"25":{"start":{"line":44,"column":4},"end":{"line":48,"column":7}},"26":{"start":{"line":45,"column":8},"end":{"line":47,"column":22}}},"branchMap":{"1":{"line":38,"type":"if","locations":[{"start":{"line":38,"column":16},"end":{"line":38,"column":16}},{"start":{"line":38,"column":16},"end":{"line":38,"column":16}}]}}}}