{"C:\\Users\\VS056645\\Desktop\\Merge\\src\\server\\routes.js":{"path":"C:\\Users\\VS056645\\Desktop\\Merge\\src\\server\\routes.js","s":{"1":2,"2":2,"3":2,"4":2,"5":2,"6":2,"7":2,"8":2,"9":2,"10":2,"11":2,"12":2,"13":2,"14":2,"15":2,"16":2,"17":2,"18":2,"19":2,"20":2,"21":2,"22":2,"23":2,"24":2,"25":2,"26":2,"27":0,"28":2,"29":1,"30":24,"31":624,"32":24,"33":0,"34":1,"35":8,"36":8,"37":8,"38":4,"39":4,"40":4,"41":4,"42":4,"43":4,"44":4,"45":4,"46":4,"47":4,"48":4,"49":4,"50":4,"51":4,"52":4,"53":4,"54":4,"55":4,"56":4,"57":4,"58":4,"59":0,"60":2,"61":2,"62":4,"63":2,"64":7,"65":2,"66":1,"67":1,"68":4,"69":4,"70":16,"71":16,"72":16,"73":16,"74":16,"75":16,"76":16,"77":16,"78":16,"79":16,"80":16,"81":16,"82":16,"83":16,"84":0,"85":2,"86":1,"87":2,"88":4,"89":1,"90":3,"91":2,"92":2,"93":3,"94":0,"95":0,"96":0,"97":0,"98":0,"99":3,"100":2,"101":4,"102":1,"103":1,"104":0,"105":0,"106":1,"107":1,"108":0,"109":0,"110":0,"111":0,"112":1,"113":1,"114":0,"115":1,"116":3,"117":2,"118":3,"119":0,"120":0,"121":0,"122":0,"123":0,"124":0,"125":3,"126":2,"127":1,"128":1,"129":2},"b":{"1":[0,2],"2":[24,600],"3":[4,4],"4":[4,0],"5":[16,0],"6":[1,3],"7":[0,3],"8":[0,0],"9":[1,3],"10":[0,1],"11":[0,1],"12":[0,0],"13":[0,1],"14":[0,3],"15":[0,0]},"f":{"1":2,"2":24,"3":8,"4":8,"5":4,"6":4,"7":4,"8":7,"9":1,"10":4,"11":1,"12":4,"13":3,"14":0,"15":4,"16":1,"17":0,"18":1,"19":3,"20":1},"fnMap":{"1":{"name":"(anonymous_1)","line":54,"loc":{"start":{"line":54,"column":12},"end":{"line":54,"column":27}}},"2":{"name":"functiontofindIndexByKeyValue1","line":63,"loc":{"start":{"line":63,"column":0},"end":{"line":63,"column":60}}},"3":{"name":"verifyCreds","line":74,"loc":{"start":{"line":74,"column":0},"end":{"line":74,"column":46}}},"4":{"name":"(anonymous_4)","line":77,"loc":{"start":{"line":77,"column":32},"end":{"line":77,"column":47}}},"5":{"name":"(anonymous_5)","line":87,"loc":{"start":{"line":87,"column":116},"end":{"line":87,"column":136}}},"6":{"name":"(anonymous_6)","line":88,"loc":{"start":{"line":88,"column":38},"end":{"line":88,"column":55}}},"7":{"name":"(anonymous_7)","line":118,"loc":{"start":{"line":118,"column":23},"end":{"line":118,"column":43}}},"8":{"name":"(anonymous_8)","line":121,"loc":{"start":{"line":121,"column":25},"end":{"line":121,"column":45}}},"9":{"name":"(anonymous_9)","line":125,"loc":{"start":{"line":125,"column":17},"end":{"line":125,"column":41}}},"10":{"name":"pushExcelRequestsToTable","line":132,"loc":{"start":{"line":132,"column":0},"end":{"line":132,"column":35}}},"11":{"name":"(anonymous_11)","line":165,"loc":{"start":{"line":165,"column":17},"end":{"line":165,"column":35}}},"12":{"name":"(anonymous_12)","line":172,"loc":{"start":{"line":172,"column":22},"end":{"line":172,"column":41}}},"13":{"name":"(anonymous_13)","line":191,"loc":{"start":{"line":191,"column":23},"end":{"line":191,"column":42}}},"14":{"name":"(anonymous_14)","line":193,"loc":{"start":{"line":193,"column":318},"end":{"line":193,"column":340}}},"15":{"name":"(anonymous_15)","line":209,"loc":{"start":{"line":209,"column":14},"end":{"line":209,"column":33}}},"16":{"name":"(anonymous_16)","line":212,"loc":{"start":{"line":212,"column":46},"end":{"line":212,"column":68}}},"17":{"name":"(anonymous_17)","line":224,"loc":{"start":{"line":224,"column":335},"end":{"line":224,"column":357}}},"18":{"name":"(anonymous_18)","line":236,"loc":{"start":{"line":236,"column":474},"end":{"line":236,"column":496}}},"19":{"name":"(anonymous_19)","line":255,"loc":{"start":{"line":255,"column":22},"end":{"line":255,"column":39}}},"20":{"name":"(anonymous_20)","line":277,"loc":{"start":{"line":277,"column":19},"end":{"line":277,"column":36}}}},"statementMap":{"1":{"start":{"line":1,"column":0},"end":{"line":1,"column":27}},"2":{"start":{"line":2,"column":0},"end":{"line":2,"column":29}},"3":{"start":{"line":3,"column":0},"end":{"line":3,"column":33}},"4":{"start":{"line":4,"column":0},"end":{"line":4,"column":20}},"5":{"start":{"line":5,"column":0},"end":{"line":5,"column":38}},"6":{"start":{"line":6,"column":0},"end":{"line":6,"column":35}},"7":{"start":{"line":7,"column":0},"end":{"line":7,"column":46}},"8":{"start":{"line":8,"column":0},"end":{"line":8,"column":40}},"9":{"start":{"line":9,"column":0},"end":{"line":9,"column":44}},"10":{"start":{"line":10,"column":0},"end":{"line":10,"column":41}},"11":{"start":{"line":11,"column":0},"end":{"line":14,"column":3}},"12":{"start":{"line":15,"column":0},"end":{"line":15,"column":29}},"13":{"start":{"line":16,"column":0},"end":{"line":16,"column":51}},"14":{"start":{"line":17,"column":0},"end":{"line":31,"column":3}},"15":{"start":{"line":32,"column":0},"end":{"line":32,"column":29}},"16":{"start":{"line":33,"column":0},"end":{"line":38,"column":3}},"17":{"start":{"line":40,"column":0},"end":{"line":40,"column":37}},"18":{"start":{"line":41,"column":0},"end":{"line":41,"column":47}},"19":{"start":{"line":42,"column":0},"end":{"line":42,"column":50}},"20":{"start":{"line":43,"column":0},"end":{"line":43,"column":24}},"21":{"start":{"line":44,"column":0},"end":{"line":49,"column":4}},"22":{"start":{"line":50,"column":0},"end":{"line":50,"column":31}},"23":{"start":{"line":51,"column":0},"end":{"line":51,"column":28}},"24":{"start":{"line":52,"column":0},"end":{"line":52,"column":17}},"25":{"start":{"line":54,"column":0},"end":{"line":61,"column":2}},"26":{"start":{"line":55,"column":4},"end":{"line":60,"column":5}},"27":{"start":{"line":56,"column":8},"end":{"line":56,"column":50}},"28":{"start":{"line":59,"column":8},"end":{"line":59,"column":43}},"29":{"start":{"line":63,"column":0},"end":{"line":72,"column":1}},"30":{"start":{"line":65,"column":4},"end":{"line":70,"column":5}},"31":{"start":{"line":67,"column":8},"end":{"line":69,"column":9}},"32":{"start":{"line":68,"column":12},"end":{"line":68,"column":21}},"33":{"start":{"line":71,"column":4},"end":{"line":71,"column":16}},"34":{"start":{"line":74,"column":0},"end":{"line":115,"column":1}},"35":{"start":{"line":76,"column":4},"end":{"line":76,"column":40}},"36":{"start":{"line":77,"column":4},"end":{"line":114,"column":6}},"37":{"start":{"line":78,"column":8},"end":{"line":113,"column":9}},"38":{"start":{"line":79,"column":12},"end":{"line":79,"column":94}},"39":{"start":{"line":82,"column":12},"end":{"line":85,"column":14}},"40":{"start":{"line":86,"column":12},"end":{"line":86,"column":39}},"41":{"start":{"line":87,"column":12},"end":{"line":112,"column":15}},"42":{"start":{"line":88,"column":16},"end":{"line":111,"column":19}},"43":{"start":{"line":90,"column":20},"end":{"line":90,"column":99}},"44":{"start":{"line":91,"column":20},"end":{"line":91,"column":78}},"45":{"start":{"line":92,"column":20},"end":{"line":92,"column":107}},"46":{"start":{"line":93,"column":20},"end":{"line":93,"column":78}},"47":{"start":{"line":94,"column":20},"end":{"line":94,"column":97}},"48":{"start":{"line":95,"column":20},"end":{"line":95,"column":83}},"49":{"start":{"line":96,"column":20},"end":{"line":96,"column":89}},"50":{"start":{"line":97,"column":20},"end":{"line":97,"column":77}},"51":{"start":{"line":98,"column":20},"end":{"line":98,"column":104}},"52":{"start":{"line":99,"column":20},"end":{"line":99,"column":96}},"53":{"start":{"line":100,"column":20},"end":{"line":100,"column":109}},"54":{"start":{"line":101,"column":20},"end":{"line":101,"column":82}},"55":{"start":{"line":102,"column":20},"end":{"line":110,"column":21}},"56":{"start":{"line":104,"column":24},"end":{"line":104,"column":42}},"57":{"start":{"line":105,"column":24},"end":{"line":105,"column":140}},"58":{"start":{"line":106,"column":24},"end":{"line":106,"column":54}},"59":{"start":{"line":109,"column":24},"end":{"line":109,"column":70}},"60":{"start":{"line":116,"column":0},"end":{"line":116,"column":54}},"61":{"start":{"line":118,"column":0},"end":{"line":120,"column":3}},"62":{"start":{"line":119,"column":4},"end":{"line":119,"column":21}},"63":{"start":{"line":121,"column":0},"end":{"line":123,"column":3}},"64":{"start":{"line":122,"column":4},"end":{"line":122,"column":21}},"65":{"start":{"line":125,"column":0},"end":{"line":130,"column":3}},"66":{"start":{"line":126,"column":4},"end":{"line":129,"column":7}},"67":{"start":{"line":132,"column":0},"end":{"line":163,"column":1}},"68":{"start":{"line":133,"column":8},"end":{"line":133,"column":52}},"69":{"start":{"line":134,"column":8},"end":{"line":161,"column":9}},"70":{"start":{"line":136,"column":12},"end":{"line":136,"column":65}},"71":{"start":{"line":137,"column":12},"end":{"line":137,"column":75}},"72":{"start":{"line":138,"column":12},"end":{"line":138,"column":93}},"73":{"start":{"line":139,"column":12},"end":{"line":139,"column":73}},"74":{"start":{"line":140,"column":12},"end":{"line":140,"column":95}},"75":{"start":{"line":141,"column":12},"end":{"line":141,"column":97}},"76":{"start":{"line":143,"column":12},"end":{"line":143,"column":93}},"77":{"start":{"line":144,"column":12},"end":{"line":144,"column":120}},"78":{"start":{"line":146,"column":12},"end":{"line":146,"column":73}},"79":{"start":{"line":147,"column":12},"end":{"line":147,"column":91}},"80":{"start":{"line":149,"column":12},"end":{"line":149,"column":312}},"81":{"start":{"line":150,"column":12},"end":{"line":160,"column":15}},"82":{"start":{"line":151,"column":16},"end":{"line":158,"column":17}},"83":{"start":{"line":153,"column":20},"end":{"line":153,"column":36}},"84":{"start":{"line":157,"column":20},"end":{"line":157,"column":58}},"85":{"start":{"line":165,"column":0},"end":{"line":169,"column":3}},"86":{"start":{"line":166,"column":4},"end":{"line":168,"column":6}},"87":{"start":{"line":172,"column":0},"end":{"line":181,"column":3}},"88":{"start":{"line":173,"column":4},"end":{"line":180,"column":5}},"89":{"start":{"line":175,"column":8},"end":{"line":175,"column":27}},"90":{"start":{"line":179,"column":8},"end":{"line":179,"column":28}},"91":{"start":{"line":183,"column":0},"end":{"line":189,"column":2}},"92":{"start":{"line":191,"column":0},"end":{"line":207,"column":3}},"93":{"start":{"line":192,"column":3},"end":{"line":206,"column":4}},"94":{"start":{"line":193,"column":7},"end":{"line":202,"column":9}},"95":{"start":{"line":194,"column":11},"end":{"line":201,"column":12}},"96":{"start":{"line":196,"column":15},"end":{"line":196,"column":32}},"97":{"start":{"line":197,"column":15},"end":{"line":197,"column":35}},"98":{"start":{"line":200,"column":15},"end":{"line":200,"column":32}},"99":{"start":{"line":205,"column":7},"end":{"line":205,"column":27}},"100":{"start":{"line":209,"column":0},"end":{"line":252,"column":3}},"101":{"start":{"line":210,"column":4},"end":{"line":251,"column":5}},"102":{"start":{"line":212,"column":8},"end":{"line":247,"column":11}},"103":{"start":{"line":213,"column":12},"end":{"line":246,"column":13}},"104":{"start":{"line":215,"column":16},"end":{"line":215,"column":33}},"105":{"start":{"line":216,"column":16},"end":{"line":216,"column":36}},"106":{"start":{"line":220,"column":16},"end":{"line":234,"column":17}},"107":{"start":{"line":222,"column":20},"end":{"line":233,"column":21}},"108":{"start":{"line":224,"column":24},"end":{"line":232,"column":26}},"109":{"start":{"line":225,"column":28},"end":{"line":231,"column":29}},"110":{"start":{"line":227,"column":32},"end":{"line":227,"column":49}},"111":{"start":{"line":230,"column":32},"end":{"line":230,"column":49}},"112":{"start":{"line":236,"column":16},"end":{"line":244,"column":18}},"113":{"start":{"line":237,"column":20},"end":{"line":243,"column":21}},"114":{"start":{"line":239,"column":24},"end":{"line":239,"column":38}},"115":{"start":{"line":242,"column":24},"end":{"line":242,"column":41}},"116":{"start":{"line":250,"column":8},"end":{"line":250,"column":28}},"117":{"start":{"line":255,"column":0},"end":{"line":276,"column":3}},"118":{"start":{"line":256,"column":4},"end":{"line":275,"column":5}},"119":{"start":{"line":258,"column":8},"end":{"line":258,"column":130}},"120":{"start":{"line":259,"column":8},"end":{"line":259,"column":308}},"121":{"start":{"line":260,"column":8},"end":{"line":270,"column":11}},"122":{"start":{"line":261,"column":12},"end":{"line":268,"column":13}},"123":{"start":{"line":263,"column":16},"end":{"line":263,"column":33}},"124":{"start":{"line":267,"column":16},"end":{"line":267,"column":33}},"125":{"start":{"line":274,"column":8},"end":{"line":274,"column":28}},"126":{"start":{"line":277,"column":0},"end":{"line":280,"column":3}},"127":{"start":{"line":278,"column":4},"end":{"line":278,"column":26}},"128":{"start":{"line":279,"column":4},"end":{"line":279,"column":26}},"129":{"start":{"line":282,"column":0},"end":{"line":282,"column":21}}},"branchMap":{"1":{"line":55,"type":"if","locations":[{"start":{"line":55,"column":4},"end":{"line":55,"column":4}},{"start":{"line":55,"column":4},"end":{"line":55,"column":4}}]},"2":{"line":67,"type":"if","locations":[{"start":{"line":67,"column":8},"end":{"line":67,"column":8}},{"start":{"line":67,"column":8},"end":{"line":67,"column":8}}]},"3":{"line":78,"type":"if","locations":[{"start":{"line":78,"column":8},"end":{"line":78,"column":8}},{"start":{"line":78,"column":8},"end":{"line":78,"column":8}}]},"4":{"line":102,"type":"if","locations":[{"start":{"line":102,"column":20},"end":{"line":102,"column":20}},{"start":{"line":102,"column":20},"end":{"line":102,"column":20}}]},"5":{"line":151,"type":"if","locations":[{"start":{"line":151,"column":16},"end":{"line":151,"column":16}},{"start":{"line":151,"column":16},"end":{"line":151,"column":16}}]},"6":{"line":173,"type":"if","locations":[{"start":{"line":173,"column":4},"end":{"line":173,"column":4}},{"start":{"line":173,"column":4},"end":{"line":173,"column":4}}]},"7":{"line":192,"type":"if","locations":[{"start":{"line":192,"column":3},"end":{"line":192,"column":3}},{"start":{"line":192,"column":3},"end":{"line":192,"column":3}}]},"8":{"line":194,"type":"if","locations":[{"start":{"line":194,"column":11},"end":{"line":194,"column":11}},{"start":{"line":194,"column":11},"end":{"line":194,"column":11}}]},"9":{"line":210,"type":"if","locations":[{"start":{"line":210,"column":4},"end":{"line":210,"column":4}},{"start":{"line":210,"column":4},"end":{"line":210,"column":4}}]},"10":{"line":213,"type":"if","locations":[{"start":{"line":213,"column":12},"end":{"line":213,"column":12}},{"start":{"line":213,"column":12},"end":{"line":213,"column":12}}]},"11":{"line":222,"type":"if","locations":[{"start":{"line":222,"column":20},"end":{"line":222,"column":20}},{"start":{"line":222,"column":20},"end":{"line":222,"column":20}}]},"12":{"line":225,"type":"if","locations":[{"start":{"line":225,"column":28},"end":{"line":225,"column":28}},{"start":{"line":225,"column":28},"end":{"line":225,"column":28}}]},"13":{"line":237,"type":"if","locations":[{"start":{"line":237,"column":20},"end":{"line":237,"column":20}},{"start":{"line":237,"column":20},"end":{"line":237,"column":20}}]},"14":{"line":256,"type":"if","locations":[{"start":{"line":256,"column":4},"end":{"line":256,"column":4}},{"start":{"line":256,"column":4},"end":{"line":256,"column":4}}]},"15":{"line":261,"type":"if","locations":[{"start":{"line":261,"column":12},"end":{"line":261,"column":12}},{"start":{"line":261,"column":12},"end":{"line":261,"column":12}}]}}}}