TN:
SF:C:\Users\VS056645\Desktop\Merge\src\server\routes.js
FN:54,(anonymous_1)
FN:63,functiontofindIndexByKeyValue1
FN:74,verifyCreds
FN:77,(anonymous_4)
FN:87,(anonymous_5)
FN:88,(anonymous_6)
FN:118,(anonymous_7)
FN:121,(anonymous_8)
FN:125,(anonymous_9)
FN:132,pushExcelRequestsToTable
FN:165,(anonymous_11)
FN:172,(anonymous_12)
FN:191,(anonymous_13)
FN:193,(anonymous_14)
FN:209,(anonymous_15)
FN:212,(anonymous_16)
FN:224,(anonymous_17)
FN:236,(anonymous_18)
FN:255,(anonymous_19)
FN:277,(anonymous_20)
FNF:20
FNH:18
FNDA:2,(anonymous_1)
FNDA:24,functiontofindIndexByKeyValue1
FNDA:8,verifyCreds
FNDA:8,(anonymous_4)
FNDA:4,(anonymous_5)
FNDA:4,(anonymous_6)
FNDA:4,(anonymous_7)
FNDA:7,(anonymous_8)
FNDA:1,(anonymous_9)
FNDA:4,pushExcelRequestsToTable
FNDA:1,(anonymous_11)
FNDA:4,(anonymous_12)
FNDA:3,(anonymous_13)
FNDA:0,(anonymous_14)
FNDA:4,(anonymous_15)
FNDA:1,(anonymous_16)
FNDA:0,(anonymous_17)
FNDA:1,(anonymous_18)
FNDA:3,(anonymous_19)
FNDA:1,(anonymous_20)
DA:1,2
DA:2,2
DA:3,2
DA:4,2
DA:5,2
DA:6,2
DA:7,2
DA:8,2
DA:9,2
DA:10,2
DA:11,2
DA:15,2
DA:16,2
DA:17,2
DA:32,2
DA:33,2
DA:40,2
DA:41,2
DA:42,2
DA:43,2
DA:44,2
DA:50,2
DA:51,2
DA:52,2
DA:54,2
DA:55,2
DA:56,0
DA:59,2
DA:63,1
DA:65,24
DA:67,624
DA:68,24
DA:71,0
DA:74,1
DA:76,8
DA:77,8
DA:78,8
DA:79,4
DA:82,4
DA:86,4
DA:87,4
DA:88,4
DA:90,4
DA:91,4
DA:92,4
DA:93,4
DA:94,4
DA:95,4
DA:96,4
DA:97,4
DA:98,4
DA:99,4
DA:100,4
DA:101,4
DA:102,4
DA:104,4
DA:105,4
DA:106,4
DA:109,0
DA:116,2
DA:118,2
DA:119,4
DA:121,2
DA:122,7
DA:125,2
DA:126,1
DA:132,1
DA:133,4
DA:134,4
DA:136,16
DA:137,16
DA:138,16
DA:139,16
DA:140,16
DA:141,16
DA:143,16
DA:144,16
DA:146,16
DA:147,16
DA:149,16
DA:150,16
DA:151,16
DA:153,16
DA:157,0
DA:165,2
DA:166,1
DA:172,2
DA:173,4
DA:175,1
DA:179,3
DA:183,2
DA:191,2
DA:192,3
DA:193,0
DA:194,0
DA:196,0
DA:197,0
DA:200,0
DA:205,3
DA:209,2
DA:210,4
DA:212,1
DA:213,1
DA:215,0
DA:216,0
DA:220,1
DA:222,1
DA:224,0
DA:225,0
DA:227,0
DA:230,0
DA:236,1
DA:237,1
DA:239,0
DA:242,1
DA:250,3
DA:255,2
DA:256,3
DA:258,0
DA:259,0
DA:260,0
DA:261,0
DA:263,0
DA:267,0
DA:274,3
DA:277,2
DA:278,1
DA:279,1
DA:282,2
LF:129
LH:107
BRDA:55,1,0,0
BRDA:55,1,1,2
BRDA:67,2,0,24
BRDA:67,2,1,600
BRDA:78,3,0,4
BRDA:78,3,1,4
BRDA:102,4,0,4
BRDA:102,4,1,0
BRDA:151,5,0,16
BRDA:151,5,1,0
BRDA:173,6,0,1
BRDA:173,6,1,3
BRDA:192,7,0,0
BRDA:192,7,1,3
BRDA:194,8,0,0
BRDA:194,8,1,0
BRDA:210,9,0,1
BRDA:210,9,1,3
BRDA:213,10,0,0
BRDA:213,10,1,1
BRDA:222,11,0,0
BRDA:222,11,1,1
BRDA:225,12,0,0
BRDA:225,12,1,0
BRDA:237,13,0,0
BRDA:237,13,1,1
BRDA:256,14,0,0
BRDA:256,14,1,3
BRDA:261,15,0,0
BRDA:261,15,1,0
BRF:30
BRH:16
end_of_record
